0 info it worked if it ends with ok
1 verbose cli [ '/usr/bin/node', '/usr/bin/npm', 'install', '-g', 'json-server' ]
2 info using npm@3.5.2
3 info using node@v8.10.0
4 silly loadCurrentTree Starting
5 silly install loadCurrentTree
6 silly install readGlobalPackageData
7 silly fetchPackageMetaData json-server
8 silly fetchNamedPackageData json-server
9 silly mapToRegistry name json-server
10 silly mapToRegistry using default registry
11 silly mapToRegistry registry https://registry.npmjs.org/
12 silly mapToRegistry uri https://registry.npmjs.org/json-server
13 verbose request uri https://registry.npmjs.org/json-server
14 verbose request no auth needed
15 info attempt registry request try #1 at 9:45:22 PM
16 verbose request id eeabc975d222827a
17 verbose etag W/"233f5871d7189083e253e23d2e7cee93"
18 verbose lastModified Wed, 06 Oct 2021 01:03:49 GMT
19 http request GET https://registry.npmjs.org/json-server
20 http 304 https://registry.npmjs.org/json-server
21 verbose headers { date: 'Sun, 17 Oct 2021 16:15:23 GMT',
21 verbose headers   connection: 'keep-alive',
21 verbose headers   'cf-ray': '69fad34789f2deb2-BLR',
21 verbose headers   'cache-control': 'public, max-age=300',
21 verbose headers   etag: '"233f5871d7189083e253e23d2e7cee93"',
21 verbose headers   'last-modified': 'Wed, 06 Oct 2021 01:03:49 GMT',
21 verbose headers   vary: 'Accept-Encoding',
21 verbose headers   'cf-cache-status': 'REVALIDATED',
21 verbose headers   'expect-ct': 'max-age=604800, report-uri="https://report-uri.cloudflare.com/cdn-cgi/beacon/expect-ct"',
21 verbose headers   'x-amz-replication-status': 'COMPLETED',
21 verbose headers   server: 'cloudflare' }
22 silly get cb [ 304,
22 silly get   { date: 'Sun, 17 Oct 2021 16:15:23 GMT',
22 silly get     connection: 'keep-alive',
22 silly get     'cf-ray': '69fad34789f2deb2-BLR',
22 silly get     'cache-control': 'public, max-age=300',
22 silly get     etag: '"233f5871d7189083e253e23d2e7cee93"',
22 silly get     'last-modified': 'Wed, 06 Oct 2021 01:03:49 GMT',
22 silly get     vary: 'Accept-Encoding',
22 silly get     'cf-cache-status': 'REVALIDATED',
22 silly get     'expect-ct': 'max-age=604800, report-uri="https://report-uri.cloudflare.com/cdn-cgi/beacon/expect-ct"',
22 silly get     'x-amz-replication-status': 'COMPLETED',
22 silly get     server: 'cloudflare' } ]
23 verbose etag https://registry.npmjs.org/json-server from cache
24 verbose get saving json-server to /home/chethan/.npm/registry.npmjs.org/json-server/.cache.json
25 silly install normalizeTree
26 silly loadCurrentTree Finishing
27 silly loadIdealTree Starting
28 silly install loadIdealTree
29 silly cloneCurrentTree Starting
30 silly install cloneCurrentTreeToIdealTree
31 silly cloneCurrentTree Finishing
32 silly loadShrinkwrap Starting
33 silly install loadShrinkwrap
34 silly loadShrinkwrap Finishing
35 silly loadAllDepsIntoIdealTree Starting
36 silly install loadAllDepsIntoIdealTree
37 silly resolveWithNewModule json-server@0.17.0 checking installable status
38 silly cache add args [ 'json-server', null ]
39 verbose cache add spec json-server
40 silly cache add parsed spec Result {
40 silly cache add   raw: 'json-server',
40 silly cache add   scope: null,
40 silly cache add   name: 'json-server',
40 silly cache add   rawSpec: '',
40 silly cache add   spec: 'latest',
40 silly cache add   type: 'tag' }
41 silly addNamed json-server@latest
42 verbose addNamed "latest" is being treated as a dist-tag for json-server
43 info addNameTag [ 'json-server', 'latest' ]
44 silly mapToRegistry name json-server
45 silly mapToRegistry using default registry
46 silly mapToRegistry registry https://registry.npmjs.org/
47 silly mapToRegistry uri https://registry.npmjs.org/json-server
48 verbose addNameTag registry:https://registry.npmjs.org/json-server not in flight; fetching
49 verbose get https://registry.npmjs.org/json-server not expired, no request
50 silly addNameTag next cb for json-server with tag latest
51 silly addNamed json-server@0.17.0
52 verbose addNamed "0.17.0" is a plain semver version for json-server
53 silly cache afterAdd json-server@0.17.0
54 verbose afterAdd /home/chethan/.npm/json-server/0.17.0/package/package.json not in flight; writing
55 verbose afterAdd /home/chethan/.npm/json-server/0.17.0/package/package.json written
56 silly fetchNamedPackageData body-parser
57 silly mapToRegistry name body-parser
58 silly mapToRegistry using default registry
59 silly mapToRegistry registry https://registry.npmjs.org/
60 silly mapToRegistry uri https://registry.npmjs.org/body-parser
61 silly fetchNamedPackageData chalk
62 silly mapToRegistry name chalk
63 silly mapToRegistry using default registry
64 silly mapToRegistry registry https://registry.npmjs.org/
65 silly mapToRegistry uri https://registry.npmjs.org/chalk
66 silly fetchNamedPackageData compression
67 silly mapToRegistry name compression
68 silly mapToRegistry using default registry
69 silly mapToRegistry registry https://registry.npmjs.org/
70 silly mapToRegistry uri https://registry.npmjs.org/compression
71 silly fetchNamedPackageData connect-pause
72 silly mapToRegistry name connect-pause
73 silly mapToRegistry using default registry
74 silly mapToRegistry registry https://registry.npmjs.org/
75 silly mapToRegistry uri https://registry.npmjs.org/connect-pause
76 silly fetchNamedPackageData cors
77 silly mapToRegistry name cors
78 silly mapToRegistry using default registry
79 silly mapToRegistry registry https://registry.npmjs.org/
80 silly mapToRegistry uri https://registry.npmjs.org/cors
81 silly fetchNamedPackageData errorhandler
82 silly mapToRegistry name errorhandler
83 silly mapToRegistry using default registry
84 silly mapToRegistry registry https://registry.npmjs.org/
85 silly mapToRegistry uri https://registry.npmjs.org/errorhandler
86 silly fetchNamedPackageData express
87 silly mapToRegistry name express
88 silly mapToRegistry using default registry
89 silly mapToRegistry registry https://registry.npmjs.org/
90 silly mapToRegistry uri https://registry.npmjs.org/express
91 silly fetchNamedPackageData express-urlrewrite
92 silly mapToRegistry name express-urlrewrite
93 silly mapToRegistry using default registry
94 silly mapToRegistry registry https://registry.npmjs.org/
95 silly mapToRegistry uri https://registry.npmjs.org/express-urlrewrite
96 silly fetchNamedPackageData json-parse-helpfulerror
97 silly mapToRegistry name json-parse-helpfulerror
98 silly mapToRegistry using default registry
99 silly mapToRegistry registry https://registry.npmjs.org/
100 silly mapToRegistry uri https://registry.npmjs.org/json-parse-helpfulerror
101 silly fetchNamedPackageData lodash
102 silly mapToRegistry name lodash
103 silly mapToRegistry using default registry
104 silly mapToRegistry registry https://registry.npmjs.org/
105 silly mapToRegistry uri https://registry.npmjs.org/lodash
106 silly fetchNamedPackageData lodash-id
107 silly mapToRegistry name lodash-id
108 silly mapToRegistry using default registry
109 silly mapToRegistry registry https://registry.npmjs.org/
110 silly mapToRegistry uri https://registry.npmjs.org/lodash-id
111 silly fetchNamedPackageData lowdb
112 silly mapToRegistry name lowdb
113 silly mapToRegistry using default registry
114 silly mapToRegistry registry https://registry.npmjs.org/
115 silly mapToRegistry uri https://registry.npmjs.org/lowdb
116 silly fetchNamedPackageData method-override
117 silly mapToRegistry name method-override
118 silly mapToRegistry using default registry
119 silly mapToRegistry registry https://registry.npmjs.org/
120 silly mapToRegistry uri https://registry.npmjs.org/method-override
121 silly fetchNamedPackageData morgan
122 silly mapToRegistry name morgan
123 silly mapToRegistry using default registry
124 silly mapToRegistry registry https://registry.npmjs.org/
125 silly mapToRegistry uri https://registry.npmjs.org/morgan
126 silly fetchNamedPackageData nanoid
127 silly mapToRegistry name nanoid
128 silly mapToRegistry using default registry
129 silly mapToRegistry registry https://registry.npmjs.org/
130 silly mapToRegistry uri https://registry.npmjs.org/nanoid
131 silly fetchNamedPackageData please-upgrade-node
132 silly mapToRegistry name please-upgrade-node
133 silly mapToRegistry using default registry
134 silly mapToRegistry registry https://registry.npmjs.org/
135 silly mapToRegistry uri https://registry.npmjs.org/please-upgrade-node
136 silly fetchNamedPackageData pluralize
137 silly mapToRegistry name pluralize
138 silly mapToRegistry using default registry
139 silly mapToRegistry registry https://registry.npmjs.org/
140 silly mapToRegistry uri https://registry.npmjs.org/pluralize
141 silly fetchNamedPackageData server-destroy
142 silly mapToRegistry name server-destroy
143 silly mapToRegistry using default registry
144 silly mapToRegistry registry https://registry.npmjs.org/
145 silly mapToRegistry uri https://registry.npmjs.org/server-destroy
146 silly fetchNamedPackageData update-notifier
147 silly mapToRegistry name update-notifier
148 silly mapToRegistry using default registry
149 silly mapToRegistry registry https://registry.npmjs.org/
150 silly mapToRegistry uri https://registry.npmjs.org/update-notifier
151 silly fetchNamedPackageData yargs
152 silly mapToRegistry name yargs
153 silly mapToRegistry using default registry
154 silly mapToRegistry registry https://registry.npmjs.org/
155 silly mapToRegistry uri https://registry.npmjs.org/yargs
156 verbose request uri https://registry.npmjs.org/body-parser
157 verbose request no auth needed
158 info attempt registry request try #1 at 9:45:23 PM
159 verbose etag W/"842a0cdd353281851e1312f714a0124d"
160 verbose lastModified Sat, 25 Sep 2021 14:28:10 GMT
161 http request GET https://registry.npmjs.org/body-parser
162 verbose request uri https://registry.npmjs.org/connect-pause
163 verbose request no auth needed
164 info attempt registry request try #1 at 9:45:23 PM
165 verbose etag W/"fa3a284edf3072f31af69939e9dbd171"
166 verbose lastModified Sat, 26 May 2018 20:44:19 GMT
167 http request GET https://registry.npmjs.org/connect-pause
168 verbose request uri https://registry.npmjs.org/chalk
169 verbose request no auth needed
170 info attempt registry request try #1 at 9:45:23 PM
171 verbose etag W/"04c4fd6a3eac86188eb516dde5b9f08f"
172 verbose lastModified Tue, 21 Sep 2021 10:22:36 GMT
173 http request GET https://registry.npmjs.org/chalk
174 verbose request uri https://registry.npmjs.org/errorhandler
175 verbose request no auth needed
176 info attempt registry request try #1 at 9:45:23 PM
177 verbose etag W/"7cb03acd961b28a432a4e8d8d70a568d"
178 verbose lastModified Wed, 19 Jun 2019 19:46:20 GMT
179 http request GET https://registry.npmjs.org/errorhandler
180 verbose request uri https://registry.npmjs.org/cors
181 verbose request no auth needed
182 info attempt registry request try #1 at 9:45:23 PM
183 verbose etag W/"85e94e318b6208a5217c4f2dd1c686f7"
184 verbose lastModified Tue, 18 May 2021 17:15:01 GMT
185 http request GET https://registry.npmjs.org/cors
186 verbose request uri https://registry.npmjs.org/express-urlrewrite
187 verbose request no auth needed
188 info attempt registry request try #1 at 9:45:23 PM
189 verbose etag W/"f04903e360170d6dd9011991e5939a11"
190 verbose lastModified Fri, 18 Dec 2020 07:47:10 GMT
191 http request GET https://registry.npmjs.org/express-urlrewrite
192 verbose request uri https://registry.npmjs.org/json-parse-helpfulerror
193 verbose request no auth needed
194 info attempt registry request try #1 at 9:45:23 PM
195 verbose etag W/"185e5fdcd54d038e89a7140a396d4cbd"
196 verbose lastModified Sun, 27 May 2018 05:39:58 GMT
197 http request GET https://registry.npmjs.org/json-parse-helpfulerror
198 verbose request uri https://registry.npmjs.org/method-override
199 verbose request no auth needed
200 info attempt registry request try #1 at 9:45:23 PM
201 verbose etag W/"822ef766bf6db56adc2492f68a760e49"
202 verbose lastModified Wed, 19 Jun 2019 19:46:42 GMT
203 http request GET https://registry.npmjs.org/method-override
204 verbose request uri https://registry.npmjs.org/compression
205 verbose request no auth needed
206 info attempt registry request try #1 at 9:45:23 PM
207 verbose etag W/"f7d2ad9a2b003e80b56c8f5722459a23"
208 verbose lastModified Sat, 21 Sep 2019 18:45:08 GMT
209 http request GET https://registry.npmjs.org/compression
210 verbose request uri https://registry.npmjs.org/lodash-id
211 verbose request no auth needed
212 info attempt registry request try #1 at 9:45:23 PM
213 verbose etag W/"fab66d8979f89de1099ee9ffad86ef41"
214 verbose lastModified Wed, 09 Jun 2021 02:49:17 GMT
215 http request GET https://registry.npmjs.org/lodash-id
216 verbose request uri https://registry.npmjs.org/lowdb
217 verbose request no auth needed
218 info attempt registry request try #1 at 9:45:23 PM
219 verbose etag W/"b923359e14d4c22a261a503eec93ec34"
220 verbose lastModified Mon, 13 Sep 2021 14:29:06 GMT
221 http request GET https://registry.npmjs.org/lowdb
222 verbose request uri https://registry.npmjs.org/lodash
223 verbose request no auth needed
224 info attempt registry request try #1 at 9:45:23 PM
225 verbose etag W/"010e65855d634ff5be908942b75255cf"
226 verbose lastModified Fri, 01 Oct 2021 12:22:28 GMT
227 http request GET https://registry.npmjs.org/lodash
228 verbose request uri https://registry.npmjs.org/please-upgrade-node
229 verbose request no auth needed
230 info attempt registry request try #1 at 9:45:23 PM
231 verbose etag W/"6645529e56c3966dd1c6c8430a6f2d7c"
232 verbose lastModified Thu, 08 Aug 2019 12:06:58 GMT
233 http request GET https://registry.npmjs.org/please-upgrade-node
234 verbose request uri https://registry.npmjs.org/server-destroy
235 verbose request no auth needed
236 info attempt registry request try #1 at 9:45:23 PM
237 verbose etag W/"1fe3c29d2b8c9ee40cb851304a8a5ab3"
238 verbose lastModified Sun, 27 May 2018 17:01:54 GMT
239 http request GET https://registry.npmjs.org/server-destroy
240 verbose request uri https://registry.npmjs.org/nanoid
241 verbose request no auth needed
242 info attempt registry request try #1 at 9:45:23 PM
243 verbose etag W/"bcab76065e652cd7e18e0884ade99759"
244 verbose lastModified Wed, 13 Oct 2021 23:00:52 GMT
245 http request GET https://registry.npmjs.org/nanoid
246 verbose request uri https://registry.npmjs.org/pluralize
247 verbose request no auth needed
248 info attempt registry request try #1 at 9:45:23 PM
249 verbose etag W/"ad7d652cf47687e8c02d7f6de5d5fa68"
250 verbose lastModified Sat, 25 May 2019 05:07:02 GMT
251 http request GET https://registry.npmjs.org/pluralize
252 verbose request uri https://registry.npmjs.org/morgan
253 verbose request no auth needed
254 info attempt registry request try #1 at 9:45:23 PM
255 verbose etag W/"ad3e7c8903b6a3f5f167a1d197b7fe3b"
256 verbose lastModified Fri, 24 Sep 2021 21:42:36 GMT
257 http request GET https://registry.npmjs.org/morgan
258 verbose request uri https://registry.npmjs.org/update-notifier
259 verbose request no auth needed
260 info attempt registry request try #1 at 9:45:23 PM
261 verbose etag W/"c7857952452880c2ad9b97ea3d45d802"
262 verbose lastModified Thu, 11 Feb 2021 00:49:20 GMT
263 http request GET https://registry.npmjs.org/update-notifier
264 verbose request uri https://registry.npmjs.org/express
265 verbose request no auth needed
266 info attempt registry request try #1 at 9:45:23 PM
267 verbose etag W/"c7f759afc31cc26067d4d731a96c4d4a"
268 verbose lastModified Thu, 14 Oct 2021 16:50:07 GMT
269 http request GET https://registry.npmjs.org/express
270 verbose request uri https://registry.npmjs.org/yargs
271 verbose request no auth needed
272 info attempt registry request try #1 at 9:45:23 PM
273 verbose etag W/"0ad32258c05e0a1c4a58389bf8c50454"
274 verbose lastModified Sat, 25 Sep 2021 21:19:25 GMT
275 http request GET https://registry.npmjs.org/yargs
276 http 304 https://registry.npmjs.org/body-parser
277 verbose headers { date: 'Sun, 17 Oct 2021 16:15:23 GMT',
277 verbose headers   connection: 'keep-alive',
277 verbose headers   'cf-ray': '69fad34da93ddeb2-BLR',
277 verbose headers   age: '152',
277 verbose headers   'cache-control': 'public, max-age=300',
277 verbose headers   etag: '"842a0cdd353281851e1312f714a0124d"',
277 verbose headers   'last-modified': 'Sat, 25 Sep 2021 14:28:10 GMT',
277 verbose headers   vary: 'Accept-Encoding',
277 verbose headers   'cf-cache-status': 'HIT',
277 verbose headers   'expect-ct': 'max-age=604800, report-uri="https://report-uri.cloudflare.com/cdn-cgi/beacon/expect-ct"',
277 verbose headers   'x-amz-replication-status': 'PENDING',
277 verbose headers   server: 'cloudflare' }
278 silly get cb [ 304,
278 silly get   { date: 'Sun, 17 Oct 2021 16:15:23 GMT',
278 silly get     connection: 'keep-alive',
278 silly get     'cf-ray': '69fad34da93ddeb2-BLR',
278 silly get     age: '152',
278 silly get     'cache-control': 'public, max-age=300',
278 silly get     etag: '"842a0cdd353281851e1312f714a0124d"',
278 silly get     'last-modified': 'Sat, 25 Sep 2021 14:28:10 GMT',
278 silly get     vary: 'Accept-Encoding',
278 silly get     'cf-cache-status': 'HIT',
278 silly get     'expect-ct': 'max-age=604800, report-uri="https://report-uri.cloudflare.com/cdn-cgi/beacon/expect-ct"',
278 silly get     'x-amz-replication-status': 'PENDING',
278 silly get     server: 'cloudflare' } ]
279 verbose etag https://registry.npmjs.org/body-parser from cache
280 verbose get saving body-parser to /home/chethan/.npm/registry.npmjs.org/body-parser/.cache.json
281 silly resolveWithNewModule body-parser@1.19.0 checking installable status
282 silly cache add args [ 'body-parser@^1.19.0', null ]
283 verbose cache add spec body-parser@^1.19.0
284 silly cache add parsed spec Result {
284 silly cache add   raw: 'body-parser@^1.19.0',
284 silly cache add   scope: null,
284 silly cache add   name: 'body-parser',
284 silly cache add   rawSpec: '^1.19.0',
284 silly cache add   spec: '>=1.19.0 <2.0.0',
284 silly cache add   type: 'range' }
285 silly addNamed body-parser@>=1.19.0 <2.0.0
286 verbose addNamed ">=1.19.0 <2.0.0" is a valid semver range for body-parser
287 silly addNameRange { name: 'body-parser', range: '>=1.19.0 <2.0.0', hasData: false }
288 silly mapToRegistry name body-parser
289 silly mapToRegistry using default registry
290 silly mapToRegistry registry https://registry.npmjs.org/
291 silly mapToRegistry uri https://registry.npmjs.org/body-parser
292 verbose addNameRange registry:https://registry.npmjs.org/body-parser not in flight; fetching
293 verbose get https://registry.npmjs.org/body-parser not expired, no request
294 silly addNameRange number 2 { name: 'body-parser', range: '>=1.19.0 <2.0.0', hasData: true }
295 silly addNameRange versions [ 'body-parser',
295 silly addNameRange   [ '1.0.0',
295 silly addNameRange     '1.0.1',
295 silly addNameRange     '1.0.2',
295 silly addNameRange     '1.1.0',
295 silly addNameRange     '1.1.1',
295 silly addNameRange     '1.1.2',
295 silly addNameRange     '1.2.0',
295 silly addNameRange     '1.2.1',
295 silly addNameRange     '1.2.2',
295 silly addNameRange     '1.3.0',
295 silly addNameRange     '1.3.1',
295 silly addNameRange     '1.4.0',
295 silly addNameRange     '1.4.1',
295 silly addNameRange     '1.4.2',
295 silly addNameRange     '1.4.3',
295 silly addNameRange     '1.5.0',
295 silly addNameRange     '1.5.1',
295 silly addNameRange     '1.5.2',
295 silly addNameRange     '1.6.0',
295 silly addNameRange     '1.6.1',
295 silly addNameRange     '1.6.2',
295 silly addNameRange     '1.6.3',
295 silly addNameRange     '1.6.4',
295 silly addNameRange     '1.6.5',
295 silly addNameRange     '1.6.6',
295 silly addNameRange     '1.6.7',
295 silly addNameRange     '1.7.0',
295 silly addNameRange     '1.8.0',
295 silly addNameRange     '1.8.1',
295 silly addNameRange     '1.8.2',
295 silly addNameRange     '1.8.3',
295 silly addNameRange     '1.8.4',
295 silly addNameRange     '1.9.0',
295 silly addNameRange     '1.9.1',
295 silly addNameRange     '1.9.2',
295 silly addNameRange     '1.9.3',
295 silly addNameRange     '1.10.0',
295 silly addNameRange     '1.10.1',
295 silly addNameRange     '1.10.2',
295 silly addNameRange     '1.11.0',
295 silly addNameRange     '1.12.0',
295 silly addNameRange     '1.12.1',
295 silly addNameRange     '1.12.2',
295 silly addNameRange     '1.12.3',
295 silly addNameRange     '1.12.4',
295 silly addNameRange     '1.13.0',
295 silly addNameRange     '1.13.1',
295 silly addNameRange     '1.13.2',
295 silly addNameRange     '1.13.3',
295 silly addNameRange     '1.14.0',
295 silly addNameRange     '1.14.1',
295 silly addNameRange     '1.14.2',
295 silly addNameRange     '1.15.0',
295 silly addNameRange     '1.15.1',
295 silly addNameRange     '1.15.2',
295 silly addNameRange     '1.16.0',
295 silly addNameRange     '1.16.1',
295 silly addNameRange     '1.17.0',
295 silly addNameRange     '1.17.1',
295 silly addNameRange     '1.17.2',
295 silly addNameRange     '1.18.0',
295 silly addNameRange     '1.18.1',
295 silly addNameRange     '1.18.2',
295 silly addNameRange     '1.18.3',
295 silly addNameRange     '1.19.0' ] ]
296 silly addNamed body-parser@1.19.0
297 verbose addNamed "1.19.0" is a plain semver version for body-parser
298 silly cache afterAdd body-parser@1.19.0
299 verbose afterAdd /home/chethan/.npm/body-parser/1.19.0/package/package.json not in flight; writing
300 verbose afterAdd /home/chethan/.npm/body-parser/1.19.0/package/package.json written
301 http 304 https://registry.npmjs.org/lodash
302 verbose headers { date: 'Sun, 17 Oct 2021 16:15:23 GMT',
302 verbose headers   connection: 'keep-alive',
302 verbose headers   'cf-ray': '69fad34e5a15deb2-BLR',
302 verbose headers   age: '147',
302 verbose headers   'cache-control': 'public, max-age=300',
302 verbose headers   etag: '"010e65855d634ff5be908942b75255cf"',
302 verbose headers   'last-modified': 'Fri, 01 Oct 2021 12:22:28 GMT',
302 verbose headers   vary: 'Accept-Encoding',
302 verbose headers   'cf-cache-status': 'HIT',
302 verbose headers   'expect-ct': 'max-age=604800, report-uri="https://report-uri.cloudflare.com/cdn-cgi/beacon/expect-ct"',
302 verbose headers   'x-amz-replication-status': 'PENDING',
302 verbose headers   server: 'cloudflare' }
303 silly get cb [ 304,
303 silly get   { date: 'Sun, 17 Oct 2021 16:15:23 GMT',
303 silly get     connection: 'keep-alive',
303 silly get     'cf-ray': '69fad34e5a15deb2-BLR',
303 silly get     age: '147',
303 silly get     'cache-control': 'public, max-age=300',
303 silly get     etag: '"010e65855d634ff5be908942b75255cf"',
303 silly get     'last-modified': 'Fri, 01 Oct 2021 12:22:28 GMT',
303 silly get     vary: 'Accept-Encoding',
303 silly get     'cf-cache-status': 'HIT',
303 silly get     'expect-ct': 'max-age=604800, report-uri="https://report-uri.cloudflare.com/cdn-cgi/beacon/expect-ct"',
303 silly get     'x-amz-replication-status': 'PENDING',
303 silly get     server: 'cloudflare' } ]
304 verbose etag https://registry.npmjs.org/lodash from cache
305 verbose get saving lodash to /home/chethan/.npm/registry.npmjs.org/lodash/.cache.json
306 silly resolveWithNewModule lodash@4.17.21 checking installable status
307 silly cache add args [ 'lodash@^4.17.21', null ]
308 verbose cache add spec lodash@^4.17.21
309 silly cache add parsed spec Result {
309 silly cache add   raw: 'lodash@^4.17.21',
309 silly cache add   scope: null,
309 silly cache add   name: 'lodash',
309 silly cache add   rawSpec: '^4.17.21',
309 silly cache add   spec: '>=4.17.21 <5.0.0',
309 silly cache add   type: 'range' }
310 silly addNamed lodash@>=4.17.21 <5.0.0
311 verbose addNamed ">=4.17.21 <5.0.0" is a valid semver range for lodash
312 silly addNameRange { name: 'lodash', range: '>=4.17.21 <5.0.0', hasData: false }
313 silly mapToRegistry name lodash
314 silly mapToRegistry using default registry
315 silly mapToRegistry registry https://registry.npmjs.org/
316 silly mapToRegistry uri https://registry.npmjs.org/lodash
317 verbose addNameRange registry:https://registry.npmjs.org/lodash not in flight; fetching
318 http 304 https://registry.npmjs.org/express
319 verbose headers { date: 'Sun, 17 Oct 2021 16:15:23 GMT',
319 verbose headers   connection: 'keep-alive',
319 verbose headers   'cf-ray': '69fad34e6a21deb2-BLR',
319 verbose headers   age: '156',
319 verbose headers   'cache-control': 'public, max-age=300',
319 verbose headers   etag: '"c7f759afc31cc26067d4d731a96c4d4a"',
319 verbose headers   'last-modified': 'Thu, 14 Oct 2021 16:50:07 GMT',
319 verbose headers   vary: 'Accept-Encoding',
319 verbose headers   'cf-cache-status': 'HIT',
319 verbose headers   'expect-ct': 'max-age=604800, report-uri="https://report-uri.cloudflare.com/cdn-cgi/beacon/expect-ct"',
319 verbose headers   'x-amz-replication-status': 'COMPLETED',
319 verbose headers   server: 'cloudflare' }
320 silly get cb [ 304,
320 silly get   { date: 'Sun, 17 Oct 2021 16:15:23 GMT',
320 silly get     connection: 'keep-alive',
320 silly get     'cf-ray': '69fad34e6a21deb2-BLR',
320 silly get     age: '156',
320 silly get     'cache-control': 'public, max-age=300',
320 silly get     etag: '"c7f759afc31cc26067d4d731a96c4d4a"',
320 silly get     'last-modified': 'Thu, 14 Oct 2021 16:50:07 GMT',
320 silly get     vary: 'Accept-Encoding',
320 silly get     'cf-cache-status': 'HIT',
320 silly get     'expect-ct': 'max-age=604800, report-uri="https://report-uri.cloudflare.com/cdn-cgi/beacon/expect-ct"',
320 silly get     'x-amz-replication-status': 'COMPLETED',
320 silly get     server: 'cloudflare' } ]
321 verbose etag https://registry.npmjs.org/express from cache
322 verbose get saving express to /home/chethan/.npm/registry.npmjs.org/express/.cache.json
323 verbose get https://registry.npmjs.org/lodash not expired, no request
324 silly addNameRange number 2 { name: 'lodash', range: '>=4.17.21 <5.0.0', hasData: true }
325 silly addNameRange versions [ 'lodash',
325 silly addNameRange   [ '0.1.0',
325 silly addNameRange     '0.2.0',
325 silly addNameRange     '0.2.1',
325 silly addNameRange     '0.2.2',
325 silly addNameRange     '0.3.0',
325 silly addNameRange     '0.3.1',
325 silly addNameRange     '0.3.2',
325 silly addNameRange     '0.4.0',
325 silly addNameRange     '0.4.1',
325 silly addNameRange     '0.4.2',
325 silly addNameRange     '0.5.0-rc.1',
325 silly addNameRange     '0.5.0',
325 silly addNameRange     '0.5.1',
325 silly addNameRange     '0.5.2',
325 silly addNameRange     '0.6.0',
325 silly addNameRange     '0.6.1',
325 silly addNameRange     '0.7.0',
325 silly addNameRange     '0.8.0',
325 silly addNameRange     '0.8.1',
325 silly addNameRange     '0.8.2',
325 silly addNameRange     '0.9.0',
325 silly addNameRange     '0.9.1',
325 silly addNameRange     '0.9.2',
325 silly addNameRange     '0.10.0',
325 silly addNameRange     '1.0.0-rc.1',
325 silly addNameRange     '1.0.0-rc.2',
325 silly addNameRange     '1.0.0-rc.3',
325 silly addNameRange     '1.0.0',
325 silly addNameRange     '1.0.1',
325 silly addNameRange     '1.1.0',
325 silly addNameRange     '1.1.1',
325 silly addNameRange     '1.2.0',
325 silly addNameRange     '1.2.1',
325 silly addNameRange     '1.3.0',
325 silly addNameRange     '1.3.1',
325 silly addNameRange     '2.0.0',
325 silly addNameRange     '2.1.0',
325 silly addNameRange     '2.2.0',
325 silly addNameRange     '2.2.1',
325 silly addNameRange     '2.3.0',
325 silly addNameRange     '2.4.0',
325 silly addNameRange     '2.4.1',
325 silly addNameRange     '3.0.0',
325 silly addNameRange     '3.0.1',
325 silly addNameRange     '3.1.0',
325 silly addNameRange     '3.2.0',
325 silly addNameRange     '3.3.0',
325 silly addNameRange     '3.3.1',
325 silly addNameRange     '3.4.0',
325 silly addNameRange     '3.5.0',
325 silly addNameRange     '3.6.0',
325 silly addNameRange     '1.0.2',
325 silly addNameRange     '3.7.0',
325 silly addNameRange     '2.4.2',
325 silly addNameRange     '3.8.0',
325 silly addNameRange     '3.9.0',
325 silly addNameRange     '3.9.1',
325 silly addNameRange     '3.9.2',
325 silly addNameRange     '3.9.3',
325 silly addNameRange     '3.10.0',
325 silly addNameRange     '3.10.1',
325 silly addNameRange     '4.0.0',
325 silly addNameRange     '4.0.1',
325 silly addNameRange     '4.1.0',
325 silly addNameRange     '4.2.0',
325 silly addNameRange     '4.2.1',
325 silly addNameRange     '4.3.0',
325 silly addNameRange     '4.4.0',
325 silly addNameRange     '4.5.0',
325 silly addNameRange     '4.5.1',
325 silly addNameRange     '4.6.0',
325 silly addNameRange     '4.6.1',
325 silly addNameRange     '4.7.0',
325 silly addNameRange     '4.8.0',
325 silly addNameRange     '4.8.1',
325 silly addNameRange     '4.8.2',
325 silly addNameRange     '4.9.0',
325 silly addNameRange     '4.10.0',
325 silly addNameRange     '4.11.0',
325 silly addNameRange     '4.11.1',
325 silly addNameRange     '4.11.2',
325 silly addNameRange     '4.12.0',
325 silly addNameRange     '4.13.0',
325 silly addNameRange     '4.13.1',
325 silly addNameRange     '4.14.0',
325 silly addNameRange     '4.14.1',
325 silly addNameRange     '4.14.2',
325 silly addNameRange     '4.15.0',
325 silly addNameRange     '4.16.0',
325 silly addNameRange     '4.16.1',
325 silly addNameRange     '4.16.2',
325 silly addNameRange     '4.16.3',
325 silly addNameRange     '4.16.4',
325 silly addNameRange     '4.16.5',
325 silly addNameRange     '4.16.6',
325 silly addNameRange     '4.17.0',
325 silly addNameRange     '4.17.1',
325 silly addNameRange     '4.17.2',
325 silly addNameRange     '4.17.3',
325 silly addNameRange     '4.17.4',
325 silly addNameRange     ... 14 more items ] ]
326 silly addNamed lodash@4.17.21
327 verbose addNamed "4.17.21" is a plain semver version for lodash
328 silly cache afterAdd lodash@4.17.21
329 verbose afterAdd /home/chethan/.npm/lodash/4.17.21/package/package.json not in flight; writing
330 silly resolveWithNewModule express@4.17.1 checking installable status
331 silly cache add args [ 'express@^4.17.1', null ]
332 verbose cache add spec express@^4.17.1
333 silly cache add parsed spec Result {
333 silly cache add   raw: 'express@^4.17.1',
333 silly cache add   scope: null,
333 silly cache add   name: 'express',
333 silly cache add   rawSpec: '^4.17.1',
333 silly cache add   spec: '>=4.17.1 <5.0.0',
333 silly cache add   type: 'range' }
334 silly addNamed express@>=4.17.1 <5.0.0
335 verbose addNamed ">=4.17.1 <5.0.0" is a valid semver range for express
336 silly addNameRange { name: 'express', range: '>=4.17.1 <5.0.0', hasData: false }
337 silly mapToRegistry name express
338 silly mapToRegistry using default registry
339 silly mapToRegistry registry https://registry.npmjs.org/
340 silly mapToRegistry uri https://registry.npmjs.org/express
341 verbose addNameRange registry:https://registry.npmjs.org/express not in flight; fetching
342 verbose afterAdd /home/chethan/.npm/lodash/4.17.21/package/package.json written
343 verbose get https://registry.npmjs.org/express not expired, no request
344 silly addNameRange number 2 { name: 'express', range: '>=4.17.1 <5.0.0', hasData: true }
345 silly addNameRange versions [ 'express',
345 silly addNameRange   [ '0.14.0',
345 silly addNameRange     '0.14.1',
345 silly addNameRange     '1.0.0',
345 silly addNameRange     '1.0.1',
345 silly addNameRange     '1.0.2',
345 silly addNameRange     '1.0.3',
345 silly addNameRange     '1.0.4',
345 silly addNameRange     '1.0.5',
345 silly addNameRange     '1.0.6',
345 silly addNameRange     '1.0.7',
345 silly addNameRange     '1.0.8',
345 silly addNameRange     '2.0.0',
345 silly addNameRange     '2.1.0',
345 silly addNameRange     '2.1.1',
345 silly addNameRange     '2.2.0',
345 silly addNameRange     '2.2.1',
345 silly addNameRange     '2.2.2',
345 silly addNameRange     '2.3.0',
345 silly addNameRange     '2.3.1',
345 silly addNameRange     '2.3.2',
345 silly addNameRange     '2.3.3',
345 silly addNameRange     '2.3.4',
345 silly addNameRange     '2.3.5',
345 silly addNameRange     '2.3.6',
345 silly addNameRange     '2.3.7',
345 silly addNameRange     '2.3.8',
345 silly addNameRange     '2.3.9',
345 silly addNameRange     '2.3.10',
345 silly addNameRange     '2.3.11',
345 silly addNameRange     '2.3.12',
345 silly addNameRange     '2.4.0',
345 silly addNameRange     '2.4.1',
345 silly addNameRange     '2.4.2',
345 silly addNameRange     '2.4.3',
345 silly addNameRange     '2.4.4',
345 silly addNameRange     '2.4.5',
345 silly addNameRange     '2.4.6',
345 silly addNameRange     '2.4.7',
345 silly addNameRange     '2.5.0',
345 silly addNameRange     '2.5.1',
345 silly addNameRange     '2.5.2',
345 silly addNameRange     '2.5.3',
345 silly addNameRange     '2.5.4',
345 silly addNameRange     '2.5.5',
345 silly addNameRange     '2.5.6',
345 silly addNameRange     '2.5.7',
345 silly addNameRange     '2.5.8',
345 silly addNameRange     '2.5.9',
345 silly addNameRange     '2.5.10',
345 silly addNameRange     '2.5.11',
345 silly addNameRange     '3.0.0',
345 silly addNameRange     '3.0.1',
345 silly addNameRange     '3.0.2',
345 silly addNameRange     '3.0.3',
345 silly addNameRange     '3.0.4',
345 silly addNameRange     '3.0.5',
345 silly addNameRange     '3.0.6',
345 silly addNameRange     '3.1.0',
345 silly addNameRange     '3.1.1',
345 silly addNameRange     '3.1.2',
345 silly addNameRange     '3.2.0',
345 silly addNameRange     '3.2.1',
345 silly addNameRange     '3.2.2',
345 silly addNameRange     '3.2.3',
345 silly addNameRange     '3.2.4',
345 silly addNameRange     '3.2.5',
345 silly addNameRange     '3.2.6',
345 silly addNameRange     '3.3.0',
345 silly addNameRange     '3.3.1',
345 silly addNameRange     '3.3.2',
345 silly addNameRange     '3.3.3',
345 silly addNameRange     '3.3.4',
345 silly addNameRange     '3.3.5',
345 silly addNameRange     '3.3.6',
345 silly addNameRange     '1.0.0-beta',
345 silly addNameRange     '1.0.0-beta2',
345 silly addNameRange     '1.0.0-rc',
345 silly addNameRange     '1.0.0-rc2',
345 silly addNameRange     '1.0.0-rc3',
345 silly addNameRange     '1.0.0-rc4',
345 silly addNameRange     '2.0.0-beta',
345 silly addNameRange     '2.0.0-beta2',
345 silly addNameRange     '2.0.0-beta3',
345 silly addNameRange     '2.0.0-rc',
345 silly addNameRange     '2.0.0-rc2',
345 silly addNameRange     '2.0.0-rc3',
345 silly addNameRange     '3.0.0-alpha1',
345 silly addNameRange     '3.0.0-alpha2',
345 silly addNameRange     '3.0.0-alpha3',
345 silly addNameRange     '3.0.0-alpha4',
345 silly addNameRange     '3.0.0-alpha5',
345 silly addNameRange     '3.0.0-beta1',
345 silly addNameRange     '3.0.0-beta2',
345 silly addNameRange     '3.0.0-beta3',
345 silly addNameRange     '3.0.0-beta4',
345 silly addNameRange     '3.0.0-beta6',
345 silly addNameRange     '3.0.0-beta7',
345 silly addNameRange     '3.0.0-rc1',
345 silly addNameRange     '3.0.0-rc2',
345 silly addNameRange     '3.0.0-rc3',
345 silly addNameRange     ... 164 more items ] ]
346 silly addNamed express@4.17.1
347 verbose addNamed "4.17.1" is a plain semver version for express
348 silly cache afterAdd express@4.17.1
349 verbose afterAdd /home/chethan/.npm/express/4.17.1/package/package.json not in flight; writing
350 verbose afterAdd /home/chethan/.npm/express/4.17.1/package/package.json written
351 http 304 https://registry.npmjs.org/errorhandler
352 verbose headers { date: 'Sun, 17 Oct 2021 16:15:24 GMT',
352 verbose headers   connection: 'keep-alive',
352 verbose headers   'cf-ray': '69fad34e4a9bde8e-BLR',
352 verbose headers   'cache-control': 'public, max-age=300',
352 verbose headers   etag: '"7cb03acd961b28a432a4e8d8d70a568d"',
352 verbose headers   'last-modified': 'Wed, 19 Jun 2019 19:46:20 GMT',
352 verbose headers   vary: 'Accept-Encoding',
352 verbose headers   'cf-cache-status': 'HIT',
352 verbose headers   'expect-ct': 'max-age=604800, report-uri="https://report-uri.cloudflare.com/cdn-cgi/beacon/expect-ct"',
352 verbose headers   server: 'cloudflare' }
353 silly get cb [ 304,
353 silly get   { date: 'Sun, 17 Oct 2021 16:15:24 GMT',
353 silly get     connection: 'keep-alive',
353 silly get     'cf-ray': '69fad34e4a9bde8e-BLR',
353 silly get     'cache-control': 'public, max-age=300',
353 silly get     etag: '"7cb03acd961b28a432a4e8d8d70a568d"',
353 silly get     'last-modified': 'Wed, 19 Jun 2019 19:46:20 GMT',
353 silly get     vary: 'Accept-Encoding',
353 silly get     'cf-cache-status': 'HIT',
353 silly get     'expect-ct': 'max-age=604800, report-uri="https://report-uri.cloudflare.com/cdn-cgi/beacon/expect-ct"',
353 silly get     server: 'cloudflare' } ]
354 verbose etag https://registry.npmjs.org/errorhandler from cache
355 verbose get saving errorhandler to /home/chethan/.npm/registry.npmjs.org/errorhandler/.cache.json
356 silly resolveWithNewModule errorhandler@1.5.1 checking installable status
357 silly cache add args [ 'errorhandler@^1.5.1', null ]
358 verbose cache add spec errorhandler@^1.5.1
359 silly cache add parsed spec Result {
359 silly cache add   raw: 'errorhandler@^1.5.1',
359 silly cache add   scope: null,
359 silly cache add   name: 'errorhandler',
359 silly cache add   rawSpec: '^1.5.1',
359 silly cache add   spec: '>=1.5.1 <2.0.0',
359 silly cache add   type: 'range' }
360 silly addNamed errorhandler@>=1.5.1 <2.0.0
361 verbose addNamed ">=1.5.1 <2.0.0" is a valid semver range for errorhandler
362 silly addNameRange { name: 'errorhandler', range: '>=1.5.1 <2.0.0', hasData: false }
363 silly mapToRegistry name errorhandler
364 silly mapToRegistry using default registry
365 silly mapToRegistry registry https://registry.npmjs.org/
366 silly mapToRegistry uri https://registry.npmjs.org/errorhandler
367 verbose addNameRange registry:https://registry.npmjs.org/errorhandler not in flight; fetching
368 http 304 https://registry.npmjs.org/chalk
369 verbose headers { date: 'Sun, 17 Oct 2021 16:15:24 GMT',
369 verbose headers   connection: 'keep-alive',
369 verbose headers   'cf-ray': '69fad34e4a96de8e-BLR',
369 verbose headers   'cache-control': 'public, max-age=300',
369 verbose headers   etag: '"04c4fd6a3eac86188eb516dde5b9f08f"',
369 verbose headers   'last-modified': 'Tue, 21 Sep 2021 10:22:36 GMT',
369 verbose headers   vary: 'Accept-Encoding',
369 verbose headers   'cf-cache-status': 'HIT',
369 verbose headers   'expect-ct': 'max-age=604800, report-uri="https://report-uri.cloudflare.com/cdn-cgi/beacon/expect-ct"',
369 verbose headers   'x-amz-replication-status': 'PENDING',
369 verbose headers   server: 'cloudflare' }
370 silly get cb [ 304,
370 silly get   { date: 'Sun, 17 Oct 2021 16:15:24 GMT',
370 silly get     connection: 'keep-alive',
370 silly get     'cf-ray': '69fad34e4a96de8e-BLR',
370 silly get     'cache-control': 'public, max-age=300',
370 silly get     etag: '"04c4fd6a3eac86188eb516dde5b9f08f"',
370 silly get     'last-modified': 'Tue, 21 Sep 2021 10:22:36 GMT',
370 silly get     vary: 'Accept-Encoding',
370 silly get     'cf-cache-status': 'HIT',
370 silly get     'expect-ct': 'max-age=604800, report-uri="https://report-uri.cloudflare.com/cdn-cgi/beacon/expect-ct"',
370 silly get     'x-amz-replication-status': 'PENDING',
370 silly get     server: 'cloudflare' } ]
371 verbose etag https://registry.npmjs.org/chalk from cache
372 verbose get saving chalk to /home/chethan/.npm/registry.npmjs.org/chalk/.cache.json
373 http 304 https://registry.npmjs.org/compression
374 verbose headers { date: 'Sun, 17 Oct 2021 16:15:24 GMT',
374 verbose headers   connection: 'keep-alive',
374 verbose headers   'cf-ray': '69fad34e4e2cdeaa-BLR',
374 verbose headers   'cache-control': 'public, max-age=300',
374 verbose headers   etag: '"f7d2ad9a2b003e80b56c8f5722459a23"',
374 verbose headers   'last-modified': 'Sat, 21 Sep 2019 18:45:08 GMT',
374 verbose headers   vary: 'Accept-Encoding',
374 verbose headers   'cf-cache-status': 'HIT',
374 verbose headers   'expect-ct': 'max-age=604800, report-uri="https://report-uri.cloudflare.com/cdn-cgi/beacon/expect-ct"',
374 verbose headers   server: 'cloudflare' }
375 silly get cb [ 304,
375 silly get   { date: 'Sun, 17 Oct 2021 16:15:24 GMT',
375 silly get     connection: 'keep-alive',
375 silly get     'cf-ray': '69fad34e4e2cdeaa-BLR',
375 silly get     'cache-control': 'public, max-age=300',
375 silly get     etag: '"f7d2ad9a2b003e80b56c8f5722459a23"',
375 silly get     'last-modified': 'Sat, 21 Sep 2019 18:45:08 GMT',
375 silly get     vary: 'Accept-Encoding',
375 silly get     'cf-cache-status': 'HIT',
375 silly get     'expect-ct': 'max-age=604800, report-uri="https://report-uri.cloudflare.com/cdn-cgi/beacon/expect-ct"',
375 silly get     server: 'cloudflare' } ]
376 verbose etag https://registry.npmjs.org/compression from cache
377 verbose get saving compression to /home/chethan/.npm/registry.npmjs.org/compression/.cache.json
378 verbose get https://registry.npmjs.org/errorhandler not expired, no request
379 silly addNameRange number 2 { name: 'errorhandler', range: '>=1.5.1 <2.0.0', hasData: true }
380 silly addNameRange versions [ 'errorhandler',
380 silly addNameRange   [ '1.0.0',
380 silly addNameRange     '1.0.1',
380 silly addNameRange     '1.0.2',
380 silly addNameRange     '1.1.0',
380 silly addNameRange     '1.1.1',
380 silly addNameRange     '1.2.0',
380 silly addNameRange     '1.2.1',
380 silly addNameRange     '1.2.2',
380 silly addNameRange     '1.2.3',
380 silly addNameRange     '1.3.0',
380 silly addNameRange     '1.3.1',
380 silly addNameRange     '1.2.4',
380 silly addNameRange     '1.3.2',
380 silly addNameRange     '1.3.3',
380 silly addNameRange     '1.3.4',
380 silly addNameRange     '1.3.5',
380 silly addNameRange     '1.3.6',
380 silly addNameRange     '1.4.0',
380 silly addNameRange     '1.4.1',
380 silly addNameRange     '1.4.2',
380 silly addNameRange     '1.4.3',
380 silly addNameRange     '1.5.0',
380 silly addNameRange     '1.5.1' ] ]
381 silly addNamed errorhandler@1.5.1
382 verbose addNamed "1.5.1" is a plain semver version for errorhandler
383 silly resolveWithNewModule chalk@4.1.2 checking installable status
384 silly cache add args [ 'chalk@^4.1.2', null ]
385 verbose cache add spec chalk@^4.1.2
386 silly cache add parsed spec Result {
386 silly cache add   raw: 'chalk@^4.1.2',
386 silly cache add   scope: null,
386 silly cache add   name: 'chalk',
386 silly cache add   rawSpec: '^4.1.2',
386 silly cache add   spec: '>=4.1.2 <5.0.0',
386 silly cache add   type: 'range' }
387 silly addNamed chalk@>=4.1.2 <5.0.0
388 verbose addNamed ">=4.1.2 <5.0.0" is a valid semver range for chalk
389 silly addNameRange { name: 'chalk', range: '>=4.1.2 <5.0.0', hasData: false }
390 silly mapToRegistry name chalk
391 silly mapToRegistry using default registry
392 silly mapToRegistry registry https://registry.npmjs.org/
393 silly mapToRegistry uri https://registry.npmjs.org/chalk
394 verbose addNameRange registry:https://registry.npmjs.org/chalk not in flight; fetching
395 silly resolveWithNewModule compression@1.7.4 checking installable status
396 silly cache add args [ 'compression@^1.7.4', null ]
397 verbose cache add spec compression@^1.7.4
398 silly cache add parsed spec Result {
398 silly cache add   raw: 'compression@^1.7.4',
398 silly cache add   scope: null,
398 silly cache add   name: 'compression',
398 silly cache add   rawSpec: '^1.7.4',
398 silly cache add   spec: '>=1.7.4 <2.0.0',
398 silly cache add   type: 'range' }
399 silly addNamed compression@>=1.7.4 <2.0.0
400 verbose addNamed ">=1.7.4 <2.0.0" is a valid semver range for compression
401 silly addNameRange { name: 'compression', range: '>=1.7.4 <2.0.0', hasData: false }
402 silly mapToRegistry name compression
403 silly mapToRegistry using default registry
404 silly mapToRegistry registry https://registry.npmjs.org/
405 silly mapToRegistry uri https://registry.npmjs.org/compression
406 verbose addNameRange registry:https://registry.npmjs.org/compression not in flight; fetching
407 silly cache afterAdd errorhandler@1.5.1
408 verbose afterAdd /home/chethan/.npm/errorhandler/1.5.1/package/package.json not in flight; writing
409 verbose get https://registry.npmjs.org/chalk not expired, no request
410 silly addNameRange number 2 { name: 'chalk', range: '>=4.1.2 <5.0.0', hasData: true }
411 silly addNameRange versions [ 'chalk',
411 silly addNameRange   [ '0.1.0',
411 silly addNameRange     '0.1.1',
411 silly addNameRange     '0.2.0',
411 silly addNameRange     '0.2.1',
411 silly addNameRange     '0.3.0',
411 silly addNameRange     '0.4.0',
411 silly addNameRange     '0.5.0',
411 silly addNameRange     '0.5.1',
411 silly addNameRange     '1.0.0',
411 silly addNameRange     '1.1.0',
411 silly addNameRange     '1.1.1',
411 silly addNameRange     '1.1.2',
411 silly addNameRange     '1.1.3',
411 silly addNameRange     '2.0.0',
411 silly addNameRange     '2.0.1',
411 silly addNameRange     '2.1.0',
411 silly addNameRange     '2.2.0',
411 silly addNameRange     '2.2.2',
411 silly addNameRange     '2.3.0',
411 silly addNameRange     '2.3.1',
411 silly addNameRange     '2.3.2',
411 silly addNameRange     '2.4.0',
411 silly addNameRange     '2.4.1',
411 silly addNameRange     '2.4.2',
411 silly addNameRange     '3.0.0-beta.1',
411 silly addNameRange     '3.0.0-beta.2',
411 silly addNameRange     '3.0.0',
411 silly addNameRange     '4.0.0',
411 silly addNameRange     '4.1.0',
411 silly addNameRange     '4.1.1',
411 silly addNameRange     '4.1.2' ] ]
412 silly addNamed chalk@4.1.2
413 verbose addNamed "4.1.2" is a plain semver version for chalk
414 verbose get https://registry.npmjs.org/compression not expired, no request
415 silly addNameRange number 2 { name: 'compression', range: '>=1.7.4 <2.0.0', hasData: true }
416 silly addNameRange versions [ 'compression',
416 silly addNameRange   [ '1.0.0',
416 silly addNameRange     '1.0.1',
416 silly addNameRange     '1.0.2',
416 silly addNameRange     '1.0.3',
416 silly addNameRange     '1.0.4',
416 silly addNameRange     '1.0.5',
416 silly addNameRange     '1.0.6',
416 silly addNameRange     '1.0.7',
416 silly addNameRange     '1.0.8',
416 silly addNameRange     '1.0.9',
416 silly addNameRange     '1.0.10',
416 silly addNameRange     '1.0.11',
416 silly addNameRange     '1.1.0',
416 silly addNameRange     '1.1.1',
416 silly addNameRange     '1.1.2',
416 silly addNameRange     '1.2.0',
416 silly addNameRange     '1.2.1',
416 silly addNameRange     '1.2.2',
416 silly addNameRange     '1.3.0',
416 silly addNameRange     '1.3.1',
416 silly addNameRange     '1.4.0',
416 silly addNameRange     '1.4.1',
416 silly addNameRange     '1.4.2',
416 silly addNameRange     '1.4.3',
416 silly addNameRange     '1.4.4',
416 silly addNameRange     '1.5.0',
416 silly addNameRange     '1.5.1',
416 silly addNameRange     '1.5.2',
416 silly addNameRange     '1.6.0',
416 silly addNameRange     '1.6.1',
416 silly addNameRange     '1.6.2',
416 silly addNameRange     '1.7.0',
416 silly addNameRange     '1.7.1',
416 silly addNameRange     '1.7.2',
416 silly addNameRange     '1.7.3',
416 silly addNameRange     '1.7.4' ] ]
417 silly addNamed compression@1.7.4
418 verbose addNamed "1.7.4" is a plain semver version for compression
419 http 304 https://registry.npmjs.org/nanoid
420 verbose headers { date: 'Sun, 17 Oct 2021 16:15:24 GMT',
420 verbose headers   connection: 'keep-alive',
420 verbose headers   'cf-ray': '69fad34e58afde7e-BLR',
420 verbose headers   'cache-control': 'public, max-age=300',
420 verbose headers   etag: '"bcab76065e652cd7e18e0884ade99759"',
420 verbose headers   'last-modified': 'Wed, 13 Oct 2021 23:00:52 GMT',
420 verbose headers   vary: 'Accept-Encoding',
420 verbose headers   'cf-cache-status': 'HIT',
420 verbose headers   'expect-ct': 'max-age=604800, report-uri="https://report-uri.cloudflare.com/cdn-cgi/beacon/expect-ct"',
420 verbose headers   'x-amz-replication-status': 'PENDING',
420 verbose headers   server: 'cloudflare' }
421 silly get cb [ 304,
421 silly get   { date: 'Sun, 17 Oct 2021 16:15:24 GMT',
421 silly get     connection: 'keep-alive',
421 silly get     'cf-ray': '69fad34e58afde7e-BLR',
421 silly get     'cache-control': 'public, max-age=300',
421 silly get     etag: '"bcab76065e652cd7e18e0884ade99759"',
421 silly get     'last-modified': 'Wed, 13 Oct 2021 23:00:52 GMT',
421 silly get     vary: 'Accept-Encoding',
421 silly get     'cf-cache-status': 'HIT',
421 silly get     'expect-ct': 'max-age=604800, report-uri="https://report-uri.cloudflare.com/cdn-cgi/beacon/expect-ct"',
421 silly get     'x-amz-replication-status': 'PENDING',
421 silly get     server: 'cloudflare' } ]
422 verbose etag https://registry.npmjs.org/nanoid from cache
423 verbose get saving nanoid to /home/chethan/.npm/registry.npmjs.org/nanoid/.cache.json
424 verbose afterAdd /home/chethan/.npm/errorhandler/1.5.1/package/package.json written
425 silly cache afterAdd chalk@4.1.2
426 verbose afterAdd /home/chethan/.npm/chalk/4.1.2/package/package.json not in flight; writing
427 silly cache afterAdd compression@1.7.4
428 verbose afterAdd /home/chethan/.npm/compression/1.7.4/package/package.json not in flight; writing
429 verbose stack Error: Missing required argument #1
429 verbose stack     at andLogAndFinish (/usr/share/npm/lib/fetch-package-metadata.js:31:3)
429 verbose stack     at fetchPackageMetadata (/usr/share/npm/lib/fetch-package-metadata.js:51:22)
429 verbose stack     at resolveWithNewModule (/usr/share/npm/lib/install/deps.js:456:12)
429 verbose stack     at /usr/share/npm/lib/install/deps.js:457:7
429 verbose stack     at /usr/share/npm/node_modules/iferr/index.js:13:50
429 verbose stack     at /usr/share/npm/lib/fetch-package-metadata.js:37:12
429 verbose stack     at addRequestedAndFinish (/usr/share/npm/lib/fetch-package-metadata.js:82:5)
429 verbose stack     at returnAndAddMetadata (/usr/share/npm/lib/fetch-package-metadata.js:117:7)
429 verbose stack     at pickVersionFromRegistryDocument (/usr/share/npm/lib/fetch-package-metadata.js:134:20)
429 verbose stack     at /usr/share/npm/node_modules/iferr/index.js:13:50
430 verbose cwd /home/chethan/EmployeePayRollAjax
431 error Linux 5.4.0-81-generic
432 error argv "/usr/bin/node" "/usr/bin/npm" "install" "-g" "json-server"
433 error node v8.10.0
434 error npm  v3.5.2
435 error code EMISSINGARG
436 error typeerror Error: Missing required argument #1
436 error typeerror     at andLogAndFinish (/usr/share/npm/lib/fetch-package-metadata.js:31:3)
436 error typeerror     at fetchPackageMetadata (/usr/share/npm/lib/fetch-package-metadata.js:51:22)
436 error typeerror     at resolveWithNewModule (/usr/share/npm/lib/install/deps.js:456:12)
436 error typeerror     at /usr/share/npm/lib/install/deps.js:457:7
436 error typeerror     at /usr/share/npm/node_modules/iferr/index.js:13:50
436 error typeerror     at /usr/share/npm/lib/fetch-package-metadata.js:37:12
436 error typeerror     at addRequestedAndFinish (/usr/share/npm/lib/fetch-package-metadata.js:82:5)
436 error typeerror     at returnAndAddMetadata (/usr/share/npm/lib/fetch-package-metadata.js:117:7)
436 error typeerror     at pickVersionFromRegistryDocument (/usr/share/npm/lib/fetch-package-metadata.js:134:20)
436 error typeerror     at /usr/share/npm/node_modules/iferr/index.js:13:50
437 error typeerror This is an error with npm itself. Please report this error at:
437 error typeerror     <http://github.com/npm/npm/issues>
438 verbose exit [ 1, true ]
