0 info it worked if it ends with ok
1 verbose cli [ '/usr/bin/node', '/usr/bin/npm', 'install', '-g', 'json-server' ]
2 info using npm@3.5.2
3 info using node@v8.10.0
4 silly loadCurrentTree Starting
5 silly install loadCurrentTree
6 silly install readGlobalPackageData
7 silly fetchPackageMetaData json-server
8 silly fetchNamedPackageData json-server
9 silly mapToRegistry name json-server
10 silly mapToRegistry using default registry
11 silly mapToRegistry registry https://registry.npmjs.org/
12 silly mapToRegistry uri https://registry.npmjs.org/json-server
13 verbose request uri https://registry.npmjs.org/json-server
14 verbose request no auth needed
15 info attempt registry request try #1 at 11:22:10 PM
16 verbose request id 0e722ea2d7d529a7
17 verbose etag W/"233f5871d7189083e253e23d2e7cee93"
18 verbose lastModified Wed, 06 Oct 2021 01:03:49 GMT
19 http request GET https://registry.npmjs.org/json-server
20 http 304 https://registry.npmjs.org/json-server
21 verbose headers { date: 'Sun, 17 Oct 2021 17:52:11 GMT',
21 verbose headers   connection: 'keep-alive',
21 verbose headers   'cf-ray': '69fb61143c3adeae-BLR',
21 verbose headers   'cache-control': 'public, max-age=300',
21 verbose headers   etag: '"233f5871d7189083e253e23d2e7cee93"',
21 verbose headers   'last-modified': 'Wed, 06 Oct 2021 01:03:49 GMT',
21 verbose headers   vary: 'Accept-Encoding',
21 verbose headers   'cf-cache-status': 'REVALIDATED',
21 verbose headers   'expect-ct': 'max-age=604800, report-uri="https://report-uri.cloudflare.com/cdn-cgi/beacon/expect-ct"',
21 verbose headers   'x-amz-replication-status': 'COMPLETED',
21 verbose headers   server: 'cloudflare' }
22 silly get cb [ 304,
22 silly get   { date: 'Sun, 17 Oct 2021 17:52:11 GMT',
22 silly get     connection: 'keep-alive',
22 silly get     'cf-ray': '69fb61143c3adeae-BLR',
22 silly get     'cache-control': 'public, max-age=300',
22 silly get     etag: '"233f5871d7189083e253e23d2e7cee93"',
22 silly get     'last-modified': 'Wed, 06 Oct 2021 01:03:49 GMT',
22 silly get     vary: 'Accept-Encoding',
22 silly get     'cf-cache-status': 'REVALIDATED',
22 silly get     'expect-ct': 'max-age=604800, report-uri="https://report-uri.cloudflare.com/cdn-cgi/beacon/expect-ct"',
22 silly get     'x-amz-replication-status': 'COMPLETED',
22 silly get     server: 'cloudflare' } ]
23 verbose etag https://registry.npmjs.org/json-server from cache
24 verbose get saving json-server to /home/chethan/.npm/registry.npmjs.org/json-server/.cache.json
25 silly install normalizeTree
26 silly loadCurrentTree Finishing
27 silly loadIdealTree Starting
28 silly install loadIdealTree
29 silly cloneCurrentTree Starting
30 silly install cloneCurrentTreeToIdealTree
31 silly cloneCurrentTree Finishing
32 silly loadShrinkwrap Starting
33 silly install loadShrinkwrap
34 silly loadShrinkwrap Finishing
35 silly loadAllDepsIntoIdealTree Starting
36 silly install loadAllDepsIntoIdealTree
37 silly resolveWithNewModule json-server@0.17.0 checking installable status
38 silly cache add args [ 'json-server', null ]
39 verbose cache add spec json-server
40 silly cache add parsed spec Result {
40 silly cache add   raw: 'json-server',
40 silly cache add   scope: null,
40 silly cache add   name: 'json-server',
40 silly cache add   rawSpec: '',
40 silly cache add   spec: 'latest',
40 silly cache add   type: 'tag' }
41 silly addNamed json-server@latest
42 verbose addNamed "latest" is being treated as a dist-tag for json-server
43 info addNameTag [ 'json-server', 'latest' ]
44 silly mapToRegistry name json-server
45 silly mapToRegistry using default registry
46 silly mapToRegistry registry https://registry.npmjs.org/
47 silly mapToRegistry uri https://registry.npmjs.org/json-server
48 verbose addNameTag registry:https://registry.npmjs.org/json-server not in flight; fetching
49 verbose get https://registry.npmjs.org/json-server not expired, no request
50 silly addNameTag next cb for json-server with tag latest
51 silly addNamed json-server@0.17.0
52 verbose addNamed "0.17.0" is a plain semver version for json-server
53 silly cache afterAdd json-server@0.17.0
54 verbose afterAdd /home/chethan/.npm/json-server/0.17.0/package/package.json not in flight; writing
55 verbose afterAdd /home/chethan/.npm/json-server/0.17.0/package/package.json written
56 silly fetchNamedPackageData body-parser
57 silly mapToRegistry name body-parser
58 silly mapToRegistry using default registry
59 silly mapToRegistry registry https://registry.npmjs.org/
60 silly mapToRegistry uri https://registry.npmjs.org/body-parser
61 silly fetchNamedPackageData chalk
62 silly mapToRegistry name chalk
63 silly mapToRegistry using default registry
64 silly mapToRegistry registry https://registry.npmjs.org/
65 silly mapToRegistry uri https://registry.npmjs.org/chalk
66 silly fetchNamedPackageData compression
67 silly mapToRegistry name compression
68 silly mapToRegistry using default registry
69 silly mapToRegistry registry https://registry.npmjs.org/
70 silly mapToRegistry uri https://registry.npmjs.org/compression
71 silly fetchNamedPackageData connect-pause
72 silly mapToRegistry name connect-pause
73 silly mapToRegistry using default registry
74 silly mapToRegistry registry https://registry.npmjs.org/
75 silly mapToRegistry uri https://registry.npmjs.org/connect-pause
76 silly fetchNamedPackageData cors
77 silly mapToRegistry name cors
78 silly mapToRegistry using default registry
79 silly mapToRegistry registry https://registry.npmjs.org/
80 silly mapToRegistry uri https://registry.npmjs.org/cors
81 silly fetchNamedPackageData errorhandler
82 silly mapToRegistry name errorhandler
83 silly mapToRegistry using default registry
84 silly mapToRegistry registry https://registry.npmjs.org/
85 silly mapToRegistry uri https://registry.npmjs.org/errorhandler
86 silly fetchNamedPackageData express
87 silly mapToRegistry name express
88 silly mapToRegistry using default registry
89 silly mapToRegistry registry https://registry.npmjs.org/
90 silly mapToRegistry uri https://registry.npmjs.org/express
91 silly fetchNamedPackageData express-urlrewrite
92 silly mapToRegistry name express-urlrewrite
93 silly mapToRegistry using default registry
94 silly mapToRegistry registry https://registry.npmjs.org/
95 silly mapToRegistry uri https://registry.npmjs.org/express-urlrewrite
96 silly fetchNamedPackageData json-parse-helpfulerror
97 silly mapToRegistry name json-parse-helpfulerror
98 silly mapToRegistry using default registry
99 silly mapToRegistry registry https://registry.npmjs.org/
100 silly mapToRegistry uri https://registry.npmjs.org/json-parse-helpfulerror
101 silly fetchNamedPackageData lodash
102 silly mapToRegistry name lodash
103 silly mapToRegistry using default registry
104 silly mapToRegistry registry https://registry.npmjs.org/
105 silly mapToRegistry uri https://registry.npmjs.org/lodash
106 silly fetchNamedPackageData lodash-id
107 silly mapToRegistry name lodash-id
108 silly mapToRegistry using default registry
109 silly mapToRegistry registry https://registry.npmjs.org/
110 silly mapToRegistry uri https://registry.npmjs.org/lodash-id
111 silly fetchNamedPackageData lowdb
112 silly mapToRegistry name lowdb
113 silly mapToRegistry using default registry
114 silly mapToRegistry registry https://registry.npmjs.org/
115 silly mapToRegistry uri https://registry.npmjs.org/lowdb
116 silly fetchNamedPackageData method-override
117 silly mapToRegistry name method-override
118 silly mapToRegistry using default registry
119 silly mapToRegistry registry https://registry.npmjs.org/
120 silly mapToRegistry uri https://registry.npmjs.org/method-override
121 silly fetchNamedPackageData morgan
122 silly mapToRegistry name morgan
123 silly mapToRegistry using default registry
124 silly mapToRegistry registry https://registry.npmjs.org/
125 silly mapToRegistry uri https://registry.npmjs.org/morgan
126 silly fetchNamedPackageData nanoid
127 silly mapToRegistry name nanoid
128 silly mapToRegistry using default registry
129 silly mapToRegistry registry https://registry.npmjs.org/
130 silly mapToRegistry uri https://registry.npmjs.org/nanoid
131 silly fetchNamedPackageData please-upgrade-node
132 silly mapToRegistry name please-upgrade-node
133 silly mapToRegistry using default registry
134 silly mapToRegistry registry https://registry.npmjs.org/
135 silly mapToRegistry uri https://registry.npmjs.org/please-upgrade-node
136 silly fetchNamedPackageData pluralize
137 silly mapToRegistry name pluralize
138 silly mapToRegistry using default registry
139 silly mapToRegistry registry https://registry.npmjs.org/
140 silly mapToRegistry uri https://registry.npmjs.org/pluralize
141 silly fetchNamedPackageData server-destroy
142 silly mapToRegistry name server-destroy
143 silly mapToRegistry using default registry
144 silly mapToRegistry registry https://registry.npmjs.org/
145 silly mapToRegistry uri https://registry.npmjs.org/server-destroy
146 silly fetchNamedPackageData update-notifier
147 silly mapToRegistry name update-notifier
148 silly mapToRegistry using default registry
149 silly mapToRegistry registry https://registry.npmjs.org/
150 silly mapToRegistry uri https://registry.npmjs.org/update-notifier
151 silly fetchNamedPackageData yargs
152 silly mapToRegistry name yargs
153 silly mapToRegistry using default registry
154 silly mapToRegistry registry https://registry.npmjs.org/
155 silly mapToRegistry uri https://registry.npmjs.org/yargs
156 verbose request uri https://registry.npmjs.org/express-urlrewrite
157 verbose request no auth needed
158 info attempt registry request try #1 at 11:22:11 PM
159 verbose etag W/"f04903e360170d6dd9011991e5939a11"
160 verbose lastModified Fri, 18 Dec 2020 07:47:10 GMT
161 http request GET https://registry.npmjs.org/express-urlrewrite
162 verbose request uri https://registry.npmjs.org/connect-pause
163 verbose request no auth needed
164 info attempt registry request try #1 at 11:22:11 PM
165 verbose etag W/"fa3a284edf3072f31af69939e9dbd171"
166 verbose lastModified Sat, 26 May 2018 20:44:19 GMT
167 http request GET https://registry.npmjs.org/connect-pause
168 verbose request uri https://registry.npmjs.org/json-parse-helpfulerror
169 verbose request no auth needed
170 info attempt registry request try #1 at 11:22:11 PM
171 verbose etag W/"185e5fdcd54d038e89a7140a396d4cbd"
172 verbose lastModified Sun, 27 May 2018 05:39:58 GMT
173 http request GET https://registry.npmjs.org/json-parse-helpfulerror
174 verbose request uri https://registry.npmjs.org/chalk
175 verbose request no auth needed
176 info attempt registry request try #1 at 11:22:11 PM
177 verbose etag W/"04c4fd6a3eac86188eb516dde5b9f08f"
178 verbose lastModified Tue, 21 Sep 2021 10:22:36 GMT
179 http request GET https://registry.npmjs.org/chalk
180 verbose request uri https://registry.npmjs.org/compression
181 verbose request no auth needed
182 info attempt registry request try #1 at 11:22:11 PM
183 verbose etag W/"f7d2ad9a2b003e80b56c8f5722459a23"
184 verbose lastModified Sat, 21 Sep 2019 18:45:08 GMT
185 http request GET https://registry.npmjs.org/compression
186 verbose request uri https://registry.npmjs.org/errorhandler
187 verbose request no auth needed
188 info attempt registry request try #1 at 11:22:11 PM
189 verbose etag W/"7cb03acd961b28a432a4e8d8d70a568d"
190 verbose lastModified Wed, 19 Jun 2019 19:46:20 GMT
191 http request GET https://registry.npmjs.org/errorhandler
192 verbose request uri https://registry.npmjs.org/lodash-id
193 verbose request no auth needed
194 info attempt registry request try #1 at 11:22:11 PM
195 verbose etag W/"fab66d8979f89de1099ee9ffad86ef41"
196 verbose lastModified Wed, 09 Jun 2021 02:49:17 GMT
197 http request GET https://registry.npmjs.org/lodash-id
198 verbose request uri https://registry.npmjs.org/body-parser
199 verbose request no auth needed
200 info attempt registry request try #1 at 11:22:11 PM
201 verbose etag W/"842a0cdd353281851e1312f714a0124d"
202 verbose lastModified Sat, 25 Sep 2021 14:28:10 GMT
203 http request GET https://registry.npmjs.org/body-parser
204 verbose request uri https://registry.npmjs.org/cors
205 verbose request no auth needed
206 info attempt registry request try #1 at 11:22:11 PM
207 verbose etag W/"85e94e318b6208a5217c4f2dd1c686f7"
208 verbose lastModified Tue, 18 May 2021 17:15:01 GMT
209 http request GET https://registry.npmjs.org/cors
210 verbose request uri https://registry.npmjs.org/method-override
211 verbose request no auth needed
212 info attempt registry request try #1 at 11:22:11 PM
213 verbose etag W/"822ef766bf6db56adc2492f68a760e49"
214 verbose lastModified Wed, 19 Jun 2019 19:46:42 GMT
215 http request GET https://registry.npmjs.org/method-override
216 verbose request uri https://registry.npmjs.org/lowdb
217 verbose request no auth needed
218 info attempt registry request try #1 at 11:22:11 PM
219 verbose etag W/"b923359e14d4c22a261a503eec93ec34"
220 verbose lastModified Mon, 13 Sep 2021 14:29:06 GMT
221 http request GET https://registry.npmjs.org/lowdb
222 verbose request uri https://registry.npmjs.org/morgan
223 verbose request no auth needed
224 info attempt registry request try #1 at 11:22:11 PM
225 verbose etag W/"ad3e7c8903b6a3f5f167a1d197b7fe3b"
226 verbose lastModified Fri, 24 Sep 2021 21:42:36 GMT
227 http request GET https://registry.npmjs.org/morgan
228 verbose request uri https://registry.npmjs.org/lodash
229 verbose request no auth needed
230 info attempt registry request try #1 at 11:22:11 PM
231 verbose etag W/"010e65855d634ff5be908942b75255cf"
232 verbose lastModified Fri, 01 Oct 2021 12:22:28 GMT
233 http request GET https://registry.npmjs.org/lodash
234 verbose request uri https://registry.npmjs.org/pluralize
235 verbose request no auth needed
236 info attempt registry request try #1 at 11:22:11 PM
237 verbose etag W/"ad7d652cf47687e8c02d7f6de5d5fa68"
238 verbose lastModified Sat, 25 May 2019 05:07:02 GMT
239 http request GET https://registry.npmjs.org/pluralize
240 verbose request uri https://registry.npmjs.org/please-upgrade-node
241 verbose request no auth needed
242 info attempt registry request try #1 at 11:22:11 PM
243 verbose etag W/"6645529e56c3966dd1c6c8430a6f2d7c"
244 verbose lastModified Thu, 08 Aug 2019 12:06:58 GMT
245 http request GET https://registry.npmjs.org/please-upgrade-node
246 verbose request uri https://registry.npmjs.org/server-destroy
247 verbose request no auth needed
248 info attempt registry request try #1 at 11:22:11 PM
249 verbose etag W/"1fe3c29d2b8c9ee40cb851304a8a5ab3"
250 verbose lastModified Sun, 27 May 2018 17:01:54 GMT
251 http request GET https://registry.npmjs.org/server-destroy
252 verbose request uri https://registry.npmjs.org/nanoid
253 verbose request no auth needed
254 info attempt registry request try #1 at 11:22:11 PM
255 verbose etag W/"bcab76065e652cd7e18e0884ade99759"
256 verbose lastModified Wed, 13 Oct 2021 23:00:52 GMT
257 http request GET https://registry.npmjs.org/nanoid
258 verbose request uri https://registry.npmjs.org/update-notifier
259 verbose request no auth needed
260 info attempt registry request try #1 at 11:22:11 PM
261 verbose etag W/"c7857952452880c2ad9b97ea3d45d802"
262 verbose lastModified Thu, 11 Feb 2021 00:49:20 GMT
263 http request GET https://registry.npmjs.org/update-notifier
264 verbose request uri https://registry.npmjs.org/express
265 verbose request no auth needed
266 info attempt registry request try #1 at 11:22:11 PM
267 verbose etag W/"c7f759afc31cc26067d4d731a96c4d4a"
268 verbose lastModified Thu, 14 Oct 2021 16:50:07 GMT
269 http request GET https://registry.npmjs.org/express
270 verbose request uri https://registry.npmjs.org/yargs
271 verbose request no auth needed
272 info attempt registry request try #1 at 11:22:11 PM
273 verbose etag W/"0ad32258c05e0a1c4a58389bf8c50454"
274 verbose lastModified Sat, 25 Sep 2021 21:19:25 GMT
275 http request GET https://registry.npmjs.org/yargs
276 http 304 https://registry.npmjs.org/express
277 verbose headers { date: 'Sun, 17 Oct 2021 17:52:12 GMT',
277 verbose headers   connection: 'keep-alive',
277 verbose headers   'cf-ray': '69fb611af991de96-BLR',
277 verbose headers   age: '132',
277 verbose headers   'cache-control': 'public, max-age=300',
277 verbose headers   etag: '"c7f759afc31cc26067d4d731a96c4d4a"',
277 verbose headers   'last-modified': 'Thu, 14 Oct 2021 16:50:07 GMT',
277 verbose headers   vary: 'Accept-Encoding',
277 verbose headers   'cf-cache-status': 'HIT',
277 verbose headers   'expect-ct': 'max-age=604800, report-uri="https://report-uri.cloudflare.com/cdn-cgi/beacon/expect-ct"',
277 verbose headers   'x-amz-replication-status': 'COMPLETED',
277 verbose headers   server: 'cloudflare' }
278 silly get cb [ 304,
278 silly get   { date: 'Sun, 17 Oct 2021 17:52:12 GMT',
278 silly get     connection: 'keep-alive',
278 silly get     'cf-ray': '69fb611af991de96-BLR',
278 silly get     age: '132',
278 silly get     'cache-control': 'public, max-age=300',
278 silly get     etag: '"c7f759afc31cc26067d4d731a96c4d4a"',
278 silly get     'last-modified': 'Thu, 14 Oct 2021 16:50:07 GMT',
278 silly get     vary: 'Accept-Encoding',
278 silly get     'cf-cache-status': 'HIT',
278 silly get     'expect-ct': 'max-age=604800, report-uri="https://report-uri.cloudflare.com/cdn-cgi/beacon/expect-ct"',
278 silly get     'x-amz-replication-status': 'COMPLETED',
278 silly get     server: 'cloudflare' } ]
279 verbose etag https://registry.npmjs.org/express from cache
280 verbose get saving express to /home/chethan/.npm/registry.npmjs.org/express/.cache.json
281 silly resolveWithNewModule express@4.17.1 checking installable status
282 silly cache add args [ 'express@^4.17.1', null ]
283 verbose cache add spec express@^4.17.1
284 silly cache add parsed spec Result {
284 silly cache add   raw: 'express@^4.17.1',
284 silly cache add   scope: null,
284 silly cache add   name: 'express',
284 silly cache add   rawSpec: '^4.17.1',
284 silly cache add   spec: '>=4.17.1 <5.0.0',
284 silly cache add   type: 'range' }
285 silly addNamed express@>=4.17.1 <5.0.0
286 verbose addNamed ">=4.17.1 <5.0.0" is a valid semver range for express
287 silly addNameRange { name: 'express', range: '>=4.17.1 <5.0.0', hasData: false }
288 silly mapToRegistry name express
289 silly mapToRegistry using default registry
290 silly mapToRegistry registry https://registry.npmjs.org/
291 silly mapToRegistry uri https://registry.npmjs.org/express
292 verbose addNameRange registry:https://registry.npmjs.org/express not in flight; fetching
293 verbose get https://registry.npmjs.org/express not expired, no request
294 silly addNameRange number 2 { name: 'express', range: '>=4.17.1 <5.0.0', hasData: true }
295 silly addNameRange versions [ 'express',
295 silly addNameRange   [ '0.14.0',
295 silly addNameRange     '0.14.1',
295 silly addNameRange     '1.0.0',
295 silly addNameRange     '1.0.1',
295 silly addNameRange     '1.0.2',
295 silly addNameRange     '1.0.3',
295 silly addNameRange     '1.0.4',
295 silly addNameRange     '1.0.5',
295 silly addNameRange     '1.0.6',
295 silly addNameRange     '1.0.7',
295 silly addNameRange     '1.0.8',
295 silly addNameRange     '2.0.0',
295 silly addNameRange     '2.1.0',
295 silly addNameRange     '2.1.1',
295 silly addNameRange     '2.2.0',
295 silly addNameRange     '2.2.1',
295 silly addNameRange     '2.2.2',
295 silly addNameRange     '2.3.0',
295 silly addNameRange     '2.3.1',
295 silly addNameRange     '2.3.2',
295 silly addNameRange     '2.3.3',
295 silly addNameRange     '2.3.4',
295 silly addNameRange     '2.3.5',
295 silly addNameRange     '2.3.6',
295 silly addNameRange     '2.3.7',
295 silly addNameRange     '2.3.8',
295 silly addNameRange     '2.3.9',
295 silly addNameRange     '2.3.10',
295 silly addNameRange     '2.3.11',
295 silly addNameRange     '2.3.12',
295 silly addNameRange     '2.4.0',
295 silly addNameRange     '2.4.1',
295 silly addNameRange     '2.4.2',
295 silly addNameRange     '2.4.3',
295 silly addNameRange     '2.4.4',
295 silly addNameRange     '2.4.5',
295 silly addNameRange     '2.4.6',
295 silly addNameRange     '2.4.7',
295 silly addNameRange     '2.5.0',
295 silly addNameRange     '2.5.1',
295 silly addNameRange     '2.5.2',
295 silly addNameRange     '2.5.3',
295 silly addNameRange     '2.5.4',
295 silly addNameRange     '2.5.5',
295 silly addNameRange     '2.5.6',
295 silly addNameRange     '2.5.7',
295 silly addNameRange     '2.5.8',
295 silly addNameRange     '2.5.9',
295 silly addNameRange     '2.5.10',
295 silly addNameRange     '2.5.11',
295 silly addNameRange     '3.0.0',
295 silly addNameRange     '3.0.1',
295 silly addNameRange     '3.0.2',
295 silly addNameRange     '3.0.3',
295 silly addNameRange     '3.0.4',
295 silly addNameRange     '3.0.5',
295 silly addNameRange     '3.0.6',
295 silly addNameRange     '3.1.0',
295 silly addNameRange     '3.1.1',
295 silly addNameRange     '3.1.2',
295 silly addNameRange     '3.2.0',
295 silly addNameRange     '3.2.1',
295 silly addNameRange     '3.2.2',
295 silly addNameRange     '3.2.3',
295 silly addNameRange     '3.2.4',
295 silly addNameRange     '3.2.5',
295 silly addNameRange     '3.2.6',
295 silly addNameRange     '3.3.0',
295 silly addNameRange     '3.3.1',
295 silly addNameRange     '3.3.2',
295 silly addNameRange     '3.3.3',
295 silly addNameRange     '3.3.4',
295 silly addNameRange     '3.3.5',
295 silly addNameRange     '3.3.6',
295 silly addNameRange     '1.0.0-beta',
295 silly addNameRange     '1.0.0-beta2',
295 silly addNameRange     '1.0.0-rc',
295 silly addNameRange     '1.0.0-rc2',
295 silly addNameRange     '1.0.0-rc3',
295 silly addNameRange     '1.0.0-rc4',
295 silly addNameRange     '2.0.0-beta',
295 silly addNameRange     '2.0.0-beta2',
295 silly addNameRange     '2.0.0-beta3',
295 silly addNameRange     '2.0.0-rc',
295 silly addNameRange     '2.0.0-rc2',
295 silly addNameRange     '2.0.0-rc3',
295 silly addNameRange     '3.0.0-alpha1',
295 silly addNameRange     '3.0.0-alpha2',
295 silly addNameRange     '3.0.0-alpha3',
295 silly addNameRange     '3.0.0-alpha4',
295 silly addNameRange     '3.0.0-alpha5',
295 silly addNameRange     '3.0.0-beta1',
295 silly addNameRange     '3.0.0-beta2',
295 silly addNameRange     '3.0.0-beta3',
295 silly addNameRange     '3.0.0-beta4',
295 silly addNameRange     '3.0.0-beta6',
295 silly addNameRange     '3.0.0-beta7',
295 silly addNameRange     '3.0.0-rc1',
295 silly addNameRange     '3.0.0-rc2',
295 silly addNameRange     '3.0.0-rc3',
295 silly addNameRange     ... 164 more items ] ]
296 silly addNamed express@4.17.1
297 verbose addNamed "4.17.1" is a plain semver version for express
298 silly cache afterAdd express@4.17.1
299 verbose afterAdd /home/chethan/.npm/express/4.17.1/package/package.json not in flight; writing
300 verbose afterAdd /home/chethan/.npm/express/4.17.1/package/package.json written
301 http 304 https://registry.npmjs.org/chalk
302 verbose headers { date: 'Sun, 17 Oct 2021 17:52:12 GMT',
302 verbose headers   connection: 'keep-alive',
302 verbose headers   'cf-ray': '69fb611aef75deb2-BLR',
302 verbose headers   'cache-control': 'public, max-age=300',
302 verbose headers   etag: '"04c4fd6a3eac86188eb516dde5b9f08f"',
302 verbose headers   'last-modified': 'Tue, 21 Sep 2021 10:22:36 GMT',
302 verbose headers   vary: 'Accept-Encoding',
302 verbose headers   'cf-cache-status': 'HIT',
302 verbose headers   'expect-ct': 'max-age=604800, report-uri="https://report-uri.cloudflare.com/cdn-cgi/beacon/expect-ct"',
302 verbose headers   'x-amz-replication-status': 'PENDING',
302 verbose headers   server: 'cloudflare' }
303 silly get cb [ 304,
303 silly get   { date: 'Sun, 17 Oct 2021 17:52:12 GMT',
303 silly get     connection: 'keep-alive',
303 silly get     'cf-ray': '69fb611aef75deb2-BLR',
303 silly get     'cache-control': 'public, max-age=300',
303 silly get     etag: '"04c4fd6a3eac86188eb516dde5b9f08f"',
303 silly get     'last-modified': 'Tue, 21 Sep 2021 10:22:36 GMT',
303 silly get     vary: 'Accept-Encoding',
303 silly get     'cf-cache-status': 'HIT',
303 silly get     'expect-ct': 'max-age=604800, report-uri="https://report-uri.cloudflare.com/cdn-cgi/beacon/expect-ct"',
303 silly get     'x-amz-replication-status': 'PENDING',
303 silly get     server: 'cloudflare' } ]
304 verbose etag https://registry.npmjs.org/chalk from cache
305 verbose get saving chalk to /home/chethan/.npm/registry.npmjs.org/chalk/.cache.json
306 silly resolveWithNewModule chalk@4.1.2 checking installable status
307 silly cache add args [ 'chalk@^4.1.2', null ]
308 verbose cache add spec chalk@^4.1.2
309 silly cache add parsed spec Result {
309 silly cache add   raw: 'chalk@^4.1.2',
309 silly cache add   scope: null,
309 silly cache add   name: 'chalk',
309 silly cache add   rawSpec: '^4.1.2',
309 silly cache add   spec: '>=4.1.2 <5.0.0',
309 silly cache add   type: 'range' }
310 silly addNamed chalk@>=4.1.2 <5.0.0
311 verbose addNamed ">=4.1.2 <5.0.0" is a valid semver range for chalk
312 silly addNameRange { name: 'chalk', range: '>=4.1.2 <5.0.0', hasData: false }
313 silly mapToRegistry name chalk
314 silly mapToRegistry using default registry
315 silly mapToRegistry registry https://registry.npmjs.org/
316 silly mapToRegistry uri https://registry.npmjs.org/chalk
317 verbose addNameRange registry:https://registry.npmjs.org/chalk not in flight; fetching
318 verbose get https://registry.npmjs.org/chalk not expired, no request
319 silly addNameRange number 2 { name: 'chalk', range: '>=4.1.2 <5.0.0', hasData: true }
320 silly addNameRange versions [ 'chalk',
320 silly addNameRange   [ '0.1.0',
320 silly addNameRange     '0.1.1',
320 silly addNameRange     '0.2.0',
320 silly addNameRange     '0.2.1',
320 silly addNameRange     '0.3.0',
320 silly addNameRange     '0.4.0',
320 silly addNameRange     '0.5.0',
320 silly addNameRange     '0.5.1',
320 silly addNameRange     '1.0.0',
320 silly addNameRange     '1.1.0',
320 silly addNameRange     '1.1.1',
320 silly addNameRange     '1.1.2',
320 silly addNameRange     '1.1.3',
320 silly addNameRange     '2.0.0',
320 silly addNameRange     '2.0.1',
320 silly addNameRange     '2.1.0',
320 silly addNameRange     '2.2.0',
320 silly addNameRange     '2.2.2',
320 silly addNameRange     '2.3.0',
320 silly addNameRange     '2.3.1',
320 silly addNameRange     '2.3.2',
320 silly addNameRange     '2.4.0',
320 silly addNameRange     '2.4.1',
320 silly addNameRange     '2.4.2',
320 silly addNameRange     '3.0.0-beta.1',
320 silly addNameRange     '3.0.0-beta.2',
320 silly addNameRange     '3.0.0',
320 silly addNameRange     '4.0.0',
320 silly addNameRange     '4.1.0',
320 silly addNameRange     '4.1.1',
320 silly addNameRange     '4.1.2' ] ]
321 silly addNamed chalk@4.1.2
322 verbose addNamed "4.1.2" is a plain semver version for chalk
323 silly cache afterAdd chalk@4.1.2
324 verbose afterAdd /home/chethan/.npm/chalk/4.1.2/package/package.json not in flight; writing
325 verbose afterAdd /home/chethan/.npm/chalk/4.1.2/package/package.json written
326 http 304 https://registry.npmjs.org/yargs
327 verbose headers { date: 'Sun, 17 Oct 2021 17:52:12 GMT',
327 verbose headers   connection: 'keep-alive',
327 verbose headers   'cf-ray': '69fb611afc11de9e-BLR',
327 verbose headers   'cache-control': 'public, max-age=300',
327 verbose headers   etag: '"0ad32258c05e0a1c4a58389bf8c50454"',
327 verbose headers   'last-modified': 'Sat, 25 Sep 2021 21:19:25 GMT',
327 verbose headers   vary: 'Accept-Encoding',
327 verbose headers   'cf-cache-status': 'HIT',
327 verbose headers   'expect-ct': 'max-age=604800, report-uri="https://report-uri.cloudflare.com/cdn-cgi/beacon/expect-ct"',
327 verbose headers   'x-amz-replication-status': 'COMPLETED',
327 verbose headers   server: 'cloudflare' }
328 silly get cb [ 304,
328 silly get   { date: 'Sun, 17 Oct 2021 17:52:12 GMT',
328 silly get     connection: 'keep-alive',
328 silly get     'cf-ray': '69fb611afc11de9e-BLR',
328 silly get     'cache-control': 'public, max-age=300',
328 silly get     etag: '"0ad32258c05e0a1c4a58389bf8c50454"',
328 silly get     'last-modified': 'Sat, 25 Sep 2021 21:19:25 GMT',
328 silly get     vary: 'Accept-Encoding',
328 silly get     'cf-cache-status': 'HIT',
328 silly get     'expect-ct': 'max-age=604800, report-uri="https://report-uri.cloudflare.com/cdn-cgi/beacon/expect-ct"',
328 silly get     'x-amz-replication-status': 'COMPLETED',
328 silly get     server: 'cloudflare' } ]
329 verbose etag https://registry.npmjs.org/yargs from cache
330 verbose get saving yargs to /home/chethan/.npm/registry.npmjs.org/yargs/.cache.json
331 http 304 https://registry.npmjs.org/cors
332 verbose headers { date: 'Sun, 17 Oct 2021 17:52:12 GMT',
332 verbose headers   connection: 'keep-alive',
332 verbose headers   'cf-ray': '69fb611aeb11de8e-BLR',
332 verbose headers   'cache-control': 'public, max-age=300',
332 verbose headers   etag: '"85e94e318b6208a5217c4f2dd1c686f7"',
332 verbose headers   'last-modified': 'Tue, 18 May 2021 17:15:01 GMT',
332 verbose headers   vary: 'Accept-Encoding',
332 verbose headers   'cf-cache-status': 'HIT',
332 verbose headers   'expect-ct': 'max-age=604800, report-uri="https://report-uri.cloudflare.com/cdn-cgi/beacon/expect-ct"',
332 verbose headers   server: 'cloudflare' }
333 silly get cb [ 304,
333 silly get   { date: 'Sun, 17 Oct 2021 17:52:12 GMT',
333 silly get     connection: 'keep-alive',
333 silly get     'cf-ray': '69fb611aeb11de8e-BLR',
333 silly get     'cache-control': 'public, max-age=300',
333 silly get     etag: '"85e94e318b6208a5217c4f2dd1c686f7"',
333 silly get     'last-modified': 'Tue, 18 May 2021 17:15:01 GMT',
333 silly get     vary: 'Accept-Encoding',
333 silly get     'cf-cache-status': 'HIT',
333 silly get     'expect-ct': 'max-age=604800, report-uri="https://report-uri.cloudflare.com/cdn-cgi/beacon/expect-ct"',
333 silly get     server: 'cloudflare' } ]
334 verbose etag https://registry.npmjs.org/cors from cache
335 verbose get saving cors to /home/chethan/.npm/registry.npmjs.org/cors/.cache.json
336 verbose stack Error: Missing required argument #1
336 verbose stack     at andLogAndFinish (/usr/share/npm/lib/fetch-package-metadata.js:31:3)
336 verbose stack     at fetchPackageMetadata (/usr/share/npm/lib/fetch-package-metadata.js:51:22)
336 verbose stack     at resolveWithNewModule (/usr/share/npm/lib/install/deps.js:456:12)
336 verbose stack     at /usr/share/npm/lib/install/deps.js:457:7
336 verbose stack     at /usr/share/npm/node_modules/iferr/index.js:13:50
336 verbose stack     at /usr/share/npm/lib/fetch-package-metadata.js:37:12
336 verbose stack     at addRequestedAndFinish (/usr/share/npm/lib/fetch-package-metadata.js:82:5)
336 verbose stack     at returnAndAddMetadata (/usr/share/npm/lib/fetch-package-metadata.js:117:7)
336 verbose stack     at pickVersionFromRegistryDocument (/usr/share/npm/lib/fetch-package-metadata.js:134:20)
336 verbose stack     at /usr/share/npm/node_modules/iferr/index.js:13:50
337 verbose cwd /home/chethan/EmployeePayRollAjax/assets
338 error Linux 5.4.0-81-generic
339 error argv "/usr/bin/node" "/usr/bin/npm" "install" "-g" "json-server"
340 error node v8.10.0
341 error npm  v3.5.2
342 error code EMISSINGARG
343 error typeerror Error: Missing required argument #1
343 error typeerror     at andLogAndFinish (/usr/share/npm/lib/fetch-package-metadata.js:31:3)
343 error typeerror     at fetchPackageMetadata (/usr/share/npm/lib/fetch-package-metadata.js:51:22)
343 error typeerror     at resolveWithNewModule (/usr/share/npm/lib/install/deps.js:456:12)
343 error typeerror     at /usr/share/npm/lib/install/deps.js:457:7
343 error typeerror     at /usr/share/npm/node_modules/iferr/index.js:13:50
343 error typeerror     at /usr/share/npm/lib/fetch-package-metadata.js:37:12
343 error typeerror     at addRequestedAndFinish (/usr/share/npm/lib/fetch-package-metadata.js:82:5)
343 error typeerror     at returnAndAddMetadata (/usr/share/npm/lib/fetch-package-metadata.js:117:7)
343 error typeerror     at pickVersionFromRegistryDocument (/usr/share/npm/lib/fetch-package-metadata.js:134:20)
343 error typeerror     at /usr/share/npm/node_modules/iferr/index.js:13:50
344 error typeerror This is an error with npm itself. Please report this error at:
344 error typeerror     <http://github.com/npm/npm/issues>
345 verbose exit [ 1, true ]
